{"/Users/joshuajardenil/Coding/CSCI152/FumblingHotshots/DungeonCrawler/test/test.js":{"path":"/Users/joshuajardenil/Coding/CSCI152/FumblingHotshots/DungeonCrawler/test/test.js","s":{"1":1,"2":0,"3":0,"4":0,"5":0,"6":0,"7":0,"8":0,"9":0,"10":0,"11":0,"12":0,"13":0,"14":0,"15":0,"16":0,"17":0,"18":0,"19":0,"20":0,"21":0,"22":0,"23":0,"24":0,"25":0,"26":0,"27":0,"28":0,"29":0,"30":0},"b":{},"f":{"1":0,"2":0,"3":0,"4":0,"5":0,"6":0,"7":0,"8":0,"9":0,"10":0},"fnMap":{"1":{"name":"(anonymous_1)","line":4,"loc":{"start":{"line":4,"column":20},"end":{"line":4,"column":30}}},"2":{"name":"(anonymous_2)","line":5,"loc":{"start":{"line":5,"column":51},"end":{"line":5,"column":62}}},"3":{"name":"(anonymous_3)","line":11,"loc":{"start":{"line":11,"column":18},"end":{"line":11,"column":29}}},"4":{"name":"(anonymous_4)","line":13,"loc":{"start":{"line":13,"column":32},"end":{"line":13,"column":43}}},"5":{"name":"(anonymous_5)","line":19,"loc":{"start":{"line":19,"column":19},"end":{"line":19,"column":30}}},"6":{"name":"(anonymous_6)","line":21,"loc":{"start":{"line":21,"column":33},"end":{"line":21,"column":44}}},"7":{"name":"(anonymous_7)","line":26,"loc":{"start":{"line":26,"column":52},"end":{"line":26,"column":63}}},"8":{"name":"(anonymous_8)","line":31,"loc":{"start":{"line":31,"column":48},"end":{"line":31,"column":59}}},"9":{"name":"(anonymous_9)","line":39,"loc":{"start":{"line":39,"column":47},"end":{"line":39,"column":58}}},"10":{"name":"(anonymous_10)","line":45,"loc":{"start":{"line":45,"column":49},"end":{"line":45,"column":60}}}},"statementMap":{"1":{"start":{"line":1,"column":0},"end":{"line":1,"column":25}},"2":{"start":{"line":4,"column":0},"end":{"line":9,"column":3}},"3":{"start":{"line":5,"column":2},"end":{"line":8,"column":5}},"4":{"start":{"line":6,"column":4},"end":{"line":6,"column":16}},"5":{"start":{"line":7,"column":4},"end":{"line":7,"column":25}},"6":{"start":{"line":11,"column":0},"end":{"line":17,"column":3}},"7":{"start":{"line":13,"column":2},"end":{"line":16,"column":5}},"8":{"start":{"line":14,"column":4},"end":{"line":14,"column":37}},"9":{"start":{"line":15,"column":4},"end":{"line":15,"column":42}},"10":{"start":{"line":19,"column":0},"end":{"line":51,"column":3}},"11":{"start":{"line":21,"column":2},"end":{"line":24,"column":5}},"12":{"start":{"line":22,"column":4},"end":{"line":22,"column":30}},"13":{"start":{"line":23,"column":4},"end":{"line":23,"column":40}},"14":{"start":{"line":26,"column":2},"end":{"line":29,"column":5}},"15":{"start":{"line":27,"column":4},"end":{"line":27,"column":30}},"16":{"start":{"line":28,"column":4},"end":{"line":28,"column":35}},"17":{"start":{"line":31,"column":2},"end":{"line":37,"column":5}},"18":{"start":{"line":32,"column":4},"end":{"line":32,"column":30}},"19":{"start":{"line":33,"column":4},"end":{"line":33,"column":25}},"20":{"start":{"line":34,"column":4},"end":{"line":34,"column":25}},"21":{"start":{"line":35,"column":4},"end":{"line":35,"column":24}},"22":{"start":{"line":36,"column":4},"end":{"line":36,"column":38}},"23":{"start":{"line":39,"column":2},"end":{"line":43,"column":5}},"24":{"start":{"line":40,"column":4},"end":{"line":40,"column":30}},"25":{"start":{"line":41,"column":4},"end":{"line":41,"column":24}},"26":{"start":{"line":42,"column":4},"end":{"line":42,"column":38}},"27":{"start":{"line":45,"column":2},"end":{"line":49,"column":5}},"28":{"start":{"line":46,"column":4},"end":{"line":46,"column":30}},"29":{"start":{"line":47,"column":4},"end":{"line":47,"column":25}},"30":{"start":{"line":48,"column":4},"end":{"line":48,"column":38}}},"branchMap":{}}}