{"/Users/joshuajardenil/Coding/CSCI152/FumblingHotshots/DungeonCrawler/scripts/enemy.js":{"path":"/Users/joshuajardenil/Coding/CSCI152/FumblingHotshots/DungeonCrawler/scripts/enemy.js","s":{"1":1,"2":0,"3":0,"4":0,"5":0,"6":0,"7":0,"8":0,"9":0,"10":0,"11":0,"12":0,"13":0,"14":0,"15":0,"16":0,"17":0},"b":{},"f":{"1":0,"2":0,"3":0,"4":0,"5":0},"fnMap":{"1":{"name":"Slime","line":1,"loc":{"start":{"line":1,"column":0},"end":{"line":1,"column":21}}},"2":{"name":"(anonymous_2)","line":14,"loc":{"start":{"line":14,"column":21},"end":{"line":14,"column":47}}},"3":{"name":"(anonymous_3)","line":19,"loc":{"start":{"line":19,"column":17},"end":{"line":19,"column":33}}},"4":{"name":"(anonymous_4)","line":24,"loc":{"start":{"line":24,"column":18},"end":{"line":24,"column":34}}},"5":{"name":"(anonymous_5)","line":28,"loc":{"start":{"line":28,"column":16},"end":{"line":28,"column":32}}}},"statementMap":{"1":{"start":{"line":1,"column":0},"end":{"line":33,"column":1}},"2":{"start":{"line":2,"column":4},"end":{"line":2,"column":41}},"3":{"start":{"line":3,"column":4},"end":{"line":3,"column":24}},"4":{"start":{"line":4,"column":4},"end":{"line":4,"column":34}},"5":{"start":{"line":5,"column":4},"end":{"line":5,"column":34}},"6":{"start":{"line":7,"column":4},"end":{"line":7,"column":32}},"7":{"start":{"line":8,"column":4},"end":{"line":8,"column":22}},"8":{"start":{"line":9,"column":4},"end":{"line":9,"column":24}},"9":{"start":{"line":10,"column":4},"end":{"line":10,"column":53}},"10":{"start":{"line":12,"column":4},"end":{"line":12,"column":25}},"11":{"start":{"line":14,"column":4},"end":{"line":17,"column":5}},"12":{"start":{"line":16,"column":8},"end":{"line":16,"column":20}},"13":{"start":{"line":19,"column":4},"end":{"line":22,"column":5}},"14":{"start":{"line":20,"column":8},"end":{"line":20,"column":68}},"15":{"start":{"line":24,"column":4},"end":{"line":26,"column":5}},"16":{"start":{"line":28,"column":4},"end":{"line":30,"column":5}},"17":{"start":{"line":29,"column":8},"end":{"line":29,"column":131}}},"branchMap":{}}}