{"/Users/joshuajardenil/Coding/CSCI152/FumblingHotshots/DungeonCrawler/scripts/player.js":{"path":"/Users/joshuajardenil/Coding/CSCI152/FumblingHotshots/DungeonCrawler/scripts/player.js","s":{"1":1,"2":0,"3":0,"4":0,"5":0,"6":0,"7":0,"8":0,"9":0,"10":0,"11":0,"12":0,"13":0,"14":0,"15":0,"16":0,"17":0,"18":0,"19":0,"20":0,"21":0,"22":0,"23":0,"24":0,"25":0,"26":0,"27":0,"28":0,"29":0,"30":0,"31":0,"32":0,"33":0,"34":0,"35":0,"36":0,"37":0,"38":0,"39":0,"40":0,"41":0,"42":0,"43":0,"44":0,"45":0,"46":0,"47":0,"48":0,"49":0,"50":0,"51":0,"52":0,"53":0,"54":0,"55":0,"56":0,"57":0,"58":0,"59":0,"60":0,"61":0,"62":0,"63":0,"64":0,"65":0,"66":0,"67":0,"68":0,"69":0,"70":0,"71":0,"72":0,"73":0,"74":0,"75":0,"76":0,"77":0,"78":0,"79":0,"80":0,"81":0,"82":0,"83":0,"84":0,"85":0,"86":0,"87":0,"88":0,"89":0,"90":0,"91":0,"92":0,"93":0,"94":0,"95":0,"96":0,"97":0,"98":0,"99":0,"100":0,"101":0,"102":0,"103":0,"104":0,"105":0,"106":0,"107":0,"108":0,"109":0,"110":0,"111":0,"112":0,"113":0,"114":0,"115":0},"b":{"1":[0,0],"2":[0,0],"3":[0,0],"4":[0,0],"5":[0,0],"6":[0,0,0,0],"7":[0,0],"8":[0,0],"9":[0,0],"10":[0,0],"11":[0,0],"12":[0,0],"13":[0,0],"14":[0,0],"15":[0,0],"16":[0,0],"17":[0,0],"18":[0,0],"19":[0,0],"20":[0,0],"21":[0,0],"22":[0,0],"23":[0,0],"24":[0,0],"25":[0,0],"26":[0,0],"27":[0,0],"28":[0,0],"29":[0,0]},"f":{"1":0,"2":0,"3":0,"4":0,"5":0,"6":0,"7":0,"8":0,"9":0},"fnMap":{"1":{"name":"Player","line":1,"loc":{"start":{"line":1,"column":0},"end":{"line":1,"column":18}}},"2":{"name":"(anonymous_2)","line":42,"loc":{"start":{"line":42,"column":20},"end":{"line":42,"column":31}}},"3":{"name":"(anonymous_3)","line":52,"loc":{"start":{"line":52,"column":21},"end":{"line":52,"column":32}}},"4":{"name":"(anonymous_4)","line":59,"loc":{"start":{"line":59,"column":21},"end":{"line":59,"column":32}}},"5":{"name":"(anonymous_5)","line":66,"loc":{"start":{"line":66,"column":21},"end":{"line":66,"column":32}}},"6":{"name":"(anonymous_6)","line":73,"loc":{"start":{"line":73,"column":21},"end":{"line":73,"column":36}}},"7":{"name":"(anonymous_7)","line":84,"loc":{"start":{"line":84,"column":15},"end":{"line":84,"column":31}}},"8":{"name":"(anonymous_8)","line":102,"loc":{"start":{"line":102,"column":16},"end":{"line":102,"column":32}}},"9":{"name":"(anonymous_9)","line":213,"loc":{"start":{"line":213,"column":26},"end":{"line":213,"column":42}}}},"statementMap":{"1":{"start":{"line":1,"column":0},"end":{"line":269,"column":13}},"2":{"start":{"line":2,"column":2},"end":{"line":2,"column":24}},"3":{"start":{"line":3,"column":2},"end":{"line":3,"column":23}},"4":{"start":{"line":6,"column":2},"end":{"line":6,"column":20}},"5":{"start":{"line":7,"column":2},"end":{"line":7,"column":52}},"6":{"start":{"line":8,"column":2},"end":{"line":8,"column":50}},"7":{"start":{"line":9,"column":2},"end":{"line":9,"column":46}},"8":{"start":{"line":10,"column":2},"end":{"line":10,"column":18}},"9":{"start":{"line":11,"column":2},"end":{"line":11,"column":17}},"10":{"start":{"line":12,"column":2},"end":{"line":12,"column":23}},"11":{"start":{"line":14,"column":2},"end":{"line":14,"column":25}},"12":{"start":{"line":15,"column":2},"end":{"line":15,"column":25}},"13":{"start":{"line":16,"column":2},"end":{"line":16,"column":29}},"14":{"start":{"line":17,"column":2},"end":{"line":17,"column":30}},"15":{"start":{"line":19,"column":2},"end":{"line":19,"column":17}},"16":{"start":{"line":20,"column":2},"end":{"line":20,"column":17}},"17":{"start":{"line":22,"column":2},"end":{"line":22,"column":20}},"18":{"start":{"line":23,"column":2},"end":{"line":23,"column":19}},"19":{"start":{"line":25,"column":2},"end":{"line":25,"column":23}},"20":{"start":{"line":27,"column":2},"end":{"line":27,"column":29}},"21":{"start":{"line":29,"column":2},"end":{"line":29,"column":22}},"22":{"start":{"line":30,"column":2},"end":{"line":30,"column":16}},"23":{"start":{"line":33,"column":2},"end":{"line":33,"column":22}},"24":{"start":{"line":34,"column":2},"end":{"line":34,"column":29}},"25":{"start":{"line":37,"column":2},"end":{"line":37,"column":37}},"26":{"start":{"line":38,"column":2},"end":{"line":38,"column":33}},"27":{"start":{"line":40,"column":2},"end":{"line":40,"column":21}},"28":{"start":{"line":42,"column":2},"end":{"line":50,"column":3}},"29":{"start":{"line":44,"column":4},"end":{"line":44,"column":21}},"30":{"start":{"line":46,"column":4},"end":{"line":47,"column":25}},"31":{"start":{"line":47,"column":6},"end":{"line":47,"column":25}},"32":{"start":{"line":52,"column":2},"end":{"line":57,"column":3}},"33":{"start":{"line":54,"column":4},"end":{"line":55,"column":23}},"34":{"start":{"line":55,"column":6},"end":{"line":55,"column":23}},"35":{"start":{"line":59,"column":2},"end":{"line":64,"column":3}},"36":{"start":{"line":60,"column":4},"end":{"line":60,"column":28}},"37":{"start":{"line":62,"column":4},"end":{"line":62,"column":50}},"38":{"start":{"line":63,"column":4},"end":{"line":63,"column":42}},"39":{"start":{"line":66,"column":2},"end":{"line":71,"column":3}},"40":{"start":{"line":67,"column":4},"end":{"line":67,"column":28}},"41":{"start":{"line":69,"column":4},"end":{"line":69,"column":50}},"42":{"start":{"line":70,"column":4},"end":{"line":70,"column":42}},"43":{"start":{"line":73,"column":2},"end":{"line":81,"column":3}},"44":{"start":{"line":74,"column":4},"end":{"line":74,"column":34}},"45":{"start":{"line":75,"column":4},"end":{"line":75,"column":34}},"46":{"start":{"line":76,"column":4},"end":{"line":76,"column":19}},"47":{"start":{"line":77,"column":4},"end":{"line":77,"column":19}},"48":{"start":{"line":79,"column":4},"end":{"line":79,"column":42}},"49":{"start":{"line":80,"column":4},"end":{"line":80,"column":42}},"50":{"start":{"line":84,"column":2},"end":{"line":100,"column":3}},"51":{"start":{"line":88,"column":4},"end":{"line":88,"column":64}},"52":{"start":{"line":89,"column":4},"end":{"line":89,"column":41}},"53":{"start":{"line":90,"column":4},"end":{"line":90,"column":38}},"54":{"start":{"line":91,"column":4},"end":{"line":91,"column":38}},"55":{"start":{"line":94,"column":4},"end":{"line":96,"column":5}},"56":{"start":{"line":95,"column":6},"end":{"line":95,"column":47}},"57":{"start":{"line":98,"column":4},"end":{"line":98,"column":39}},"58":{"start":{"line":102,"column":2},"end":{"line":211,"column":15}},"59":{"start":{"line":106,"column":6},"end":{"line":106,"column":45}},"60":{"start":{"line":109,"column":8},"end":{"line":109,"column":47}},"61":{"start":{"line":110,"column":8},"end":{"line":110,"column":47}},"62":{"start":{"line":112,"column":8},"end":{"line":206,"column":17}},"63":{"start":{"line":118,"column":10},"end":{"line":202,"column":19}},"64":{"start":{"line":123,"column":12},"end":{"line":132,"column":11}},"65":{"start":{"line":125,"column":14},"end":{"line":125,"column":49}},"66":{"start":{"line":126,"column":14},"end":{"line":126,"column":42}},"67":{"start":{"line":131,"column":12},"end":{"line":131,"column":27}},"68":{"start":{"line":135,"column":10},"end":{"line":158,"column":21}},"69":{"start":{"line":137,"column":12},"end":{"line":137,"column":38}},"70":{"start":{"line":139,"column":12},"end":{"line":142,"column":13}},"71":{"start":{"line":140,"column":14},"end":{"line":140,"column":39}},"72":{"start":{"line":145,"column":12},"end":{"line":149,"column":23}},"73":{"start":{"line":147,"column":14},"end":{"line":147,"column":80}},"74":{"start":{"line":148,"column":24},"end":{"line":148,"column":40}},"75":{"start":{"line":154,"column":22},"end":{"line":157,"column":23}},"76":{"start":{"line":155,"column":24},"end":{"line":155,"column":89}},"77":{"start":{"line":156,"column":24},"end":{"line":156,"column":40}},"78":{"start":{"line":159,"column":20},"end":{"line":179,"column":21}},"79":{"start":{"line":161,"column":34},"end":{"line":161,"column":60}},"80":{"start":{"line":163,"column":22},"end":{"line":166,"column":23}},"81":{"start":{"line":164,"column":24},"end":{"line":164,"column":49}},"82":{"start":{"line":169,"column":22},"end":{"line":172,"column":23}},"83":{"start":{"line":170,"column":24},"end":{"line":170,"column":90}},"84":{"start":{"line":171,"column":24},"end":{"line":171,"column":40}},"85":{"start":{"line":174,"column":22},"end":{"line":178,"column":23}},"86":{"start":{"line":175,"column":24},"end":{"line":175,"column":89}},"87":{"start":{"line":176,"column":24},"end":{"line":176,"column":40}},"88":{"start":{"line":184,"column":12},"end":{"line":189,"column":13}},"89":{"start":{"line":185,"column":14},"end":{"line":185,"column":37}},"90":{"start":{"line":186,"column":19},"end":{"line":189,"column":13}},"91":{"start":{"line":187,"column":14},"end":{"line":187,"column":37}},"92":{"start":{"line":191,"column":12},"end":{"line":191,"column":38}},"93":{"start":{"line":192,"column":12},"end":{"line":192,"column":38}},"94":{"start":{"line":194,"column":12},"end":{"line":196,"column":13}},"95":{"start":{"line":195,"column":14},"end":{"line":195,"column":39}},"96":{"start":{"line":198,"column":12},"end":{"line":200,"column":13}},"97":{"start":{"line":199,"column":14},"end":{"line":199,"column":39}},"98":{"start":{"line":213,"column":14},"end":{"line":267,"column":15}},"99":{"start":{"line":217,"column":16},"end":{"line":217,"column":351}},"100":{"start":{"line":223,"column":16},"end":{"line":223,"column":46}},"101":{"start":{"line":227,"column":16},"end":{"line":227,"column":126}},"102":{"start":{"line":230,"column":16},"end":{"line":231,"column":142}},"103":{"start":{"line":231,"column":18},"end":{"line":231,"column":142}},"104":{"start":{"line":234,"column":16},"end":{"line":234,"column":126}},"105":{"start":{"line":237,"column":16},"end":{"line":238,"column":142}},"106":{"start":{"line":238,"column":18},"end":{"line":238,"column":142}},"107":{"start":{"line":242,"column":16},"end":{"line":263,"column":17}},"108":{"start":{"line":245,"column":18},"end":{"line":245,"column":44}},"109":{"start":{"line":247,"column":18},"end":{"line":247,"column":69}},"110":{"start":{"line":251,"column":18},"end":{"line":251,"column":105}},"111":{"start":{"line":254,"column":18},"end":{"line":257,"column":19}},"112":{"start":{"line":255,"column":20},"end":{"line":256,"column":109}},"113":{"start":{"line":256,"column":22},"end":{"line":256,"column":109}},"114":{"start":{"line":262,"column":18},"end":{"line":262,"column":44}},"115":{"start":{"line":265,"column":16},"end":{"line":265,"column":41}}},"branchMap":{"1":{"line":46,"type":"if","locations":[{"start":{"line":46,"column":4},"end":{"line":46,"column":4}},{"start":{"line":46,"column":4},"end":{"line":46,"column":4}}]},"2":{"line":54,"type":"if","locations":[{"start":{"line":54,"column":4},"end":{"line":54,"column":4}},{"start":{"line":54,"column":4},"end":{"line":54,"column":4}}]},"3":{"line":112,"type":"if","locations":[{"start":{"line":112,"column":8},"end":{"line":112,"column":8}},{"start":{"line":112,"column":8},"end":{"line":112,"column":8}}]},"4":{"line":118,"type":"if","locations":[{"start":{"line":118,"column":10},"end":{"line":118,"column":10}},{"start":{"line":118,"column":10},"end":{"line":118,"column":10}}]},"5":{"line":123,"type":"if","locations":[{"start":{"line":123,"column":12},"end":{"line":123,"column":12}},{"start":{"line":123,"column":12},"end":{"line":123,"column":12}}]},"6":{"line":123,"type":"binary-expr","locations":[{"start":{"line":123,"column":15},"end":{"line":123,"column":31}},{"start":{"line":123,"column":35},"end":{"line":123,"column":53}},{"start":{"line":123,"column":57},"end":{"line":123,"column":75}},{"start":{"line":123,"column":79},"end":{"line":123,"column":98}}]},"7":{"line":135,"type":"if","locations":[{"start":{"line":135,"column":10},"end":{"line":135,"column":10}},{"start":{"line":135,"column":10},"end":{"line":135,"column":10}}]},"8":{"line":135,"type":"binary-expr","locations":[{"start":{"line":135,"column":13},"end":{"line":135,"column":29}},{"start":{"line":135,"column":33},"end":{"line":135,"column":51}}]},"9":{"line":139,"type":"if","locations":[{"start":{"line":139,"column":12},"end":{"line":139,"column":12}},{"start":{"line":139,"column":12},"end":{"line":139,"column":12}}]},"10":{"line":145,"type":"if","locations":[{"start":{"line":145,"column":12},"end":{"line":145,"column":12}},{"start":{"line":145,"column":12},"end":{"line":145,"column":12}}]},"11":{"line":154,"type":"if","locations":[{"start":{"line":154,"column":22},"end":{"line":154,"column":22}},{"start":{"line":154,"column":22},"end":{"line":154,"column":22}}]},"12":{"line":159,"type":"if","locations":[{"start":{"line":159,"column":20},"end":{"line":159,"column":20}},{"start":{"line":159,"column":20},"end":{"line":159,"column":20}}]},"13":{"line":159,"type":"binary-expr","locations":[{"start":{"line":159,"column":23},"end":{"line":159,"column":41}},{"start":{"line":159,"column":45},"end":{"line":159,"column":64}}]},"14":{"line":163,"type":"if","locations":[{"start":{"line":163,"column":22},"end":{"line":163,"column":22}},{"start":{"line":163,"column":22},"end":{"line":163,"column":22}}]},"15":{"line":169,"type":"if","locations":[{"start":{"line":169,"column":22},"end":{"line":169,"column":22}},{"start":{"line":169,"column":22},"end":{"line":169,"column":22}}]},"16":{"line":174,"type":"if","locations":[{"start":{"line":174,"column":22},"end":{"line":174,"column":22}},{"start":{"line":174,"column":22},"end":{"line":174,"column":22}}]},"17":{"line":184,"type":"if","locations":[{"start":{"line":184,"column":12},"end":{"line":184,"column":12}},{"start":{"line":184,"column":12},"end":{"line":184,"column":12}}]},"18":{"line":186,"type":"if","locations":[{"start":{"line":186,"column":19},"end":{"line":186,"column":19}},{"start":{"line":186,"column":19},"end":{"line":186,"column":19}}]},"19":{"line":194,"type":"if","locations":[{"start":{"line":194,"column":12},"end":{"line":194,"column":12}},{"start":{"line":194,"column":12},"end":{"line":194,"column":12}}]},"20":{"line":198,"type":"if","locations":[{"start":{"line":198,"column":12},"end":{"line":198,"column":12}},{"start":{"line":198,"column":12},"end":{"line":198,"column":12}}]},"21":{"line":227,"type":"cond-expr","locations":[{"start":{"line":227,"column":109},"end":{"line":227,"column":111}},{"start":{"line":227,"column":114},"end":{"line":227,"column":115}}]},"22":{"line":230,"type":"if","locations":[{"start":{"line":230,"column":16},"end":{"line":230,"column":16}},{"start":{"line":230,"column":16},"end":{"line":230,"column":16}}]},"23":{"line":231,"type":"cond-expr","locations":[{"start":{"line":231,"column":125},"end":{"line":231,"column":127}},{"start":{"line":231,"column":130},"end":{"line":231,"column":131}}]},"24":{"line":234,"type":"cond-expr","locations":[{"start":{"line":234,"column":109},"end":{"line":234,"column":111}},{"start":{"line":234,"column":114},"end":{"line":234,"column":115}}]},"25":{"line":237,"type":"if","locations":[{"start":{"line":237,"column":16},"end":{"line":237,"column":16}},{"start":{"line":237,"column":16},"end":{"line":237,"column":16}}]},"26":{"line":238,"type":"cond-expr","locations":[{"start":{"line":238,"column":125},"end":{"line":238,"column":127}},{"start":{"line":238,"column":130},"end":{"line":238,"column":131}}]},"27":{"line":242,"type":"if","locations":[{"start":{"line":242,"column":16},"end":{"line":242,"column":16}},{"start":{"line":242,"column":16},"end":{"line":242,"column":16}}]},"28":{"line":255,"type":"if","locations":[{"start":{"line":255,"column":20},"end":{"line":255,"column":20}},{"start":{"line":255,"column":20},"end":{"line":255,"column":20}}]},"29":{"line":255,"type":"binary-expr","locations":[{"start":{"line":255,"column":23},"end":{"line":255,"column":37}},{"start":{"line":255,"column":41},"end":{"line":255,"column":63}}]}}}}