TN:
SF:/Users/joshuajardenil/Coding/CSCI152/FumblingHotshots/DungeonCrawler/scripts/player.js
FN:1,Player
FN:42,(anonymous_2)
FN:52,(anonymous_3)
FN:59,(anonymous_4)
FN:66,(anonymous_5)
FN:73,(anonymous_6)
FN:84,(anonymous_7)
FN:102,(anonymous_8)
FN:213,(anonymous_9)
FNF:9
FNH:0
FNDA:0,Player
FNDA:0,(anonymous_2)
FNDA:0,(anonymous_3)
FNDA:0,(anonymous_4)
FNDA:0,(anonymous_5)
FNDA:0,(anonymous_6)
FNDA:0,(anonymous_7)
FNDA:0,(anonymous_8)
FNDA:0,(anonymous_9)
DA:1,1
DA:2,0
DA:3,0
DA:6,0
DA:7,0
DA:8,0
DA:9,0
DA:10,0
DA:11,0
DA:12,0
DA:14,0
DA:15,0
DA:16,0
DA:17,0
DA:19,0
DA:20,0
DA:22,0
DA:23,0
DA:25,0
DA:27,0
DA:29,0
DA:30,0
DA:33,0
DA:34,0
DA:37,0
DA:38,0
DA:40,0
DA:42,0
DA:44,0
DA:46,0
DA:47,0
DA:52,0
DA:54,0
DA:55,0
DA:59,0
DA:60,0
DA:62,0
DA:63,0
DA:66,0
DA:67,0
DA:69,0
DA:70,0
DA:73,0
DA:74,0
DA:75,0
DA:76,0
DA:77,0
DA:79,0
DA:80,0
DA:84,0
DA:88,0
DA:89,0
DA:90,0
DA:91,0
DA:94,0
DA:95,0
DA:98,0
DA:102,0
DA:106,0
DA:109,0
DA:110,0
DA:112,0
DA:118,0
DA:123,0
DA:125,0
DA:126,0
DA:131,0
DA:135,0
DA:137,0
DA:139,0
DA:140,0
DA:145,0
DA:147,0
DA:148,0
DA:154,0
DA:155,0
DA:156,0
DA:159,0
DA:161,0
DA:163,0
DA:164,0
DA:169,0
DA:170,0
DA:171,0
DA:174,0
DA:175,0
DA:176,0
DA:184,0
DA:185,0
DA:186,0
DA:187,0
DA:191,0
DA:192,0
DA:194,0
DA:195,0
DA:198,0
DA:199,0
DA:213,0
DA:217,0
DA:223,0
DA:227,0
DA:230,0
DA:231,0
DA:234,0
DA:237,0
DA:238,0
DA:242,0
DA:245,0
DA:247,0
DA:251,0
DA:254,0
DA:255,0
DA:256,0
DA:262,0
DA:265,0
LF:115
LH:1
BRDA:46,1,0,0
BRDA:46,1,1,0
BRDA:54,2,0,0
BRDA:54,2,1,0
BRDA:112,3,0,0
BRDA:112,3,1,0
BRDA:118,4,0,0
BRDA:118,4,1,0
BRDA:123,5,0,0
BRDA:123,5,1,0
BRDA:123,6,0,0
BRDA:123,6,1,0
BRDA:123,6,2,0
BRDA:123,6,3,0
BRDA:135,7,0,0
BRDA:135,7,1,0
BRDA:135,8,0,0
BRDA:135,8,1,0
BRDA:139,9,0,0
BRDA:139,9,1,0
BRDA:145,10,0,0
BRDA:145,10,1,0
BRDA:154,11,0,0
BRDA:154,11,1,0
BRDA:159,12,0,0
BRDA:159,12,1,0
BRDA:159,13,0,0
BRDA:159,13,1,0
BRDA:163,14,0,0
BRDA:163,14,1,0
BRDA:169,15,0,0
BRDA:169,15,1,0
BRDA:174,16,0,0
BRDA:174,16,1,0
BRDA:184,17,0,0
BRDA:184,17,1,0
BRDA:186,18,0,0
BRDA:186,18,1,0
BRDA:194,19,0,0
BRDA:194,19,1,0
BRDA:198,20,0,0
BRDA:198,20,1,0
BRDA:227,21,0,0
BRDA:227,21,1,0
BRDA:230,22,0,0
BRDA:230,22,1,0
BRDA:231,23,0,0
BRDA:231,23,1,0
BRDA:234,24,0,0
BRDA:234,24,1,0
BRDA:237,25,0,0
BRDA:237,25,1,0
BRDA:238,26,0,0
BRDA:238,26,1,0
BRDA:242,27,0,0
BRDA:242,27,1,0
BRDA:255,28,0,0
BRDA:255,28,1,0
BRDA:255,29,0,0
BRDA:255,29,1,0
BRF:60
BRH:0
end_of_record
